2025-08-27 15:40:07 +04:00: Webhook server listening on port 3005
2025-08-27 15:40:07 +04:00: Health check: http://localhost:3005/health
2025-08-27 15:40:07 +04:00: Webhook endpoint: http://localhost:3005/webhook
2025-08-27 15:49:42 +04:00: WARNING: No webhook secret configured. Skipping signature verification.
2025-08-27 15:49:42 +04:00: Ignoring push to undefined
2025-08-27 15:50:36 +04:00: Webhook server listening on port 3005
2025-08-27 15:50:36 +04:00: Health check: http://localhost:3005/health
2025-08-27 15:50:36 +04:00: Webhook endpoint: http://localhost:3005/webhook
2025-09-07 08:41:02 +04:00: WARNING: No webhook secret configured. Skipping signature verification.
2025-09-07 08:41:02 +04:00: Received push to refs/heads/main, starting deployment...
2025-09-07 08:41:11 +04:00: Webhook server listening on port 3005
2025-09-07 08:41:11 +04:00: Health check: http://localhost:3005/health
2025-09-07 08:41:11 +04:00: Webhook endpoint: http://localhost:3005/webhook
2025-09-08 16:04:18 +04:00: WARNING: No webhook secret configured. Skipping signature verification.
2025-09-08 16:04:18 +04:00: Received push to refs/heads/main, starting deployment...
2025-09-08 16:04:27 +04:00: Webhook server listening on port 3005
2025-09-08 16:04:27 +04:00: Health check: http://localhost:3005/health
2025-09-08 16:04:27 +04:00: Webhook endpoint: http://localhost:3005/webhook
2025-09-10 20:50:04 +04:00: WARNING: No webhook secret configured. Skipping signature verification.
2025-09-10 20:50:04 +04:00: Received push to refs/heads/main, starting deployment...
2025-09-10 20:50:14 +04:00: Webhook server listening on port 3005
2025-09-10 20:50:14 +04:00: Health check: http://localhost:3005/health
2025-09-10 20:50:14 +04:00: Webhook endpoint: http://localhost:3005/webhook
2025-09-11 10:56:23 +04:00: WARNING: No webhook secret configured. Skipping signature verification.
2025-09-11 10:56:23 +04:00: Received push to refs/heads/main, starting deployment...
2025-09-11 10:56:32 +04:00: Webhook server listening on port 3005
2025-09-11 10:56:32 +04:00: Health check: http://localhost:3005/health
2025-09-11 10:56:32 +04:00: Webhook endpoint: http://localhost:3005/webhook
2025-09-12 16:38:21 +04:00: WARNING: No webhook secret configured. Skipping signature verification.
2025-09-12 16:38:21 +04:00: Received push to refs/heads/main, starting deployment...
2025-09-12 16:38:30 +04:00: Webhook server listening on port 3005
2025-09-12 16:38:30 +04:00: Health check: http://localhost:3005/health
2025-09-12 16:38:30 +04:00: Webhook endpoint: http://localhost:3005/webhook
2025-09-12 17:06:08 +04:00: WARNING: No webhook secret configured. Skipping signature verification.
2025-09-12 17:06:08 +04:00: Received push to refs/heads/main, starting deployment...
2025-09-12 17:06:17 +04:00: Webhook server listening on port 3005
2025-09-12 17:06:17 +04:00: Health check: http://localhost:3005/health
2025-09-12 17:06:17 +04:00: Webhook endpoint: http://localhost:3005/webhook
2025-09-21 15:06:15 +04:00: WARNING: No webhook secret configured. Skipping signature verification.
2025-09-21 15:06:15 +04:00: Received push to refs/heads/main, starting deployment...
2025-09-21 15:06:23 +04:00: Webhook server listening on port 3005
2025-09-21 15:06:23 +04:00: Health check: http://localhost:3005/health
2025-09-21 15:06:23 +04:00: Webhook endpoint: http://localhost:3005/webhook
2025-09-25 17:14:55 +04:00: Webhook server listening on port 3005
2025-09-25 17:14:55 +04:00: Health check: http://localhost:3005/health
2025-09-25 17:14:55 +04:00: Webhook endpoint: http://localhost:3005/webhook
2025-09-25 17:15:31 +04:00: WARNING: No webhook secret configured. Skipping signature verification.
2025-09-25 17:15:31 +04:00: Ignoring push to undefined
